<?xml version="1.0" encoding="UTF-8"?>
<!-- Generated by org.testng.reporters.JUnitReportReporter -->
<testsuite hostname="AKSHAY" failures="0" tests="1" name="testng.day1" time="0.012" errors="0" timestamp="2025-04-15T17:37:29 IST" skipped="0">
  <testcase classname="testng.day1" name="first" time="0.012"/>
</testsuite> <!-- testng.day1 -->
