<?xml version="1.0" encoding="UTF-8"?>
<!-- Generated by org.testng.reporters.JUnitReportReporter -->
<testsuite hostname="AKSHAY" failures="0" tests="1" name="testng.day2" time="0.002" errors="0" timestamp="2025-04-15T17:37:29 IST" skipped="0">
  <testcase classname="testng.day2" name="second" time="0.002"/>
</testsuite> <!-- testng.day2 -->
